D:\Git\AspNetCore_MicroBlog\MicroBlog\AngularApp\dist\out-tsc\e2e\src\app.po.js
D:\Git\AspNetCore_MicroBlog\MicroBlog\AngularApp\dist\out-tsc\e2e\src\app.po.js.map
D:\Git\AspNetCore_MicroBlog\MicroBlog\AngularApp\dist\out-tsc\e2e\src\app.e2e-spec.js
D:\Git\AspNetCore_MicroBlog\MicroBlog\AngularApp\dist\out-tsc\e2e\src\app.e2e-spec.js.map
D:\Git\AspNetCore_MicroBlog\MicroBlog\AngularApp\dist\out-tsc\src\environments\environment.js
D:\Git\AspNetCore_MicroBlog\MicroBlog\AngularApp\dist\out-tsc\src\environments\environment.js.map
D:\Git\AspNetCore_MicroBlog\MicroBlog\AngularApp\dist\out-tsc\src\app\models\blogpost.js
D:\Git\AspNetCore_MicroBlog\MicroBlog\AngularApp\dist\out-tsc\src\app\models\blogpost.js.map
D:\Git\AspNetCore_MicroBlog\MicroBlog\AngularApp\dist\out-tsc\src\app\services\blog-post.service.js
D:\Git\AspNetCore_MicroBlog\MicroBlog\AngularApp\dist\out-tsc\src\app\services\blog-post.service.js.map
D:\Git\AspNetCore_MicroBlog\MicroBlog\AngularApp\dist\out-tsc\src\app\blog-posts\blog-posts.component.js
D:\Git\AspNetCore_MicroBlog\MicroBlog\AngularApp\dist\out-tsc\src\app\blog-posts\blog-posts.component.js.map
D:\Git\AspNetCore_MicroBlog\MicroBlog\AngularApp\dist\out-tsc\src\app\blog-post\blog-post.component.js
D:\Git\AspNetCore_MicroBlog\MicroBlog\AngularApp\dist\out-tsc\src\app\blog-post\blog-post.component.js.map
D:\Git\AspNetCore_MicroBlog\MicroBlog\AngularApp\dist\out-tsc\src\app\blog-post-add-edit\blog-post-add-edit.component.js
D:\Git\AspNetCore_MicroBlog\MicroBlog\AngularApp\dist\out-tsc\src\app\blog-post-add-edit\blog-post-add-edit.component.js.map
D:\Git\AspNetCore_MicroBlog\MicroBlog\AngularApp\dist\out-tsc\src\app\app-routing.module.js
D:\Git\AspNetCore_MicroBlog\MicroBlog\AngularApp\dist\out-tsc\src\app\app-routing.module.js.map
D:\Git\AspNetCore_MicroBlog\MicroBlog\AngularApp\dist\out-tsc\src\app\app.component.js
D:\Git\AspNetCore_MicroBlog\MicroBlog\AngularApp\dist\out-tsc\src\app\app.component.js.map
D:\Git\AspNetCore_MicroBlog\MicroBlog\AngularApp\dist\out-tsc\src\app\app.module.js
D:\Git\AspNetCore_MicroBlog\MicroBlog\AngularApp\dist\out-tsc\src\app\app.module.js.map
D:\Git\AspNetCore_MicroBlog\MicroBlog\AngularApp\dist\out-tsc\src\main.js
D:\Git\AspNetCore_MicroBlog\MicroBlog\AngularApp\dist\out-tsc\src\main.js.map
D:\Git\AspNetCore_MicroBlog\MicroBlog\AngularApp\dist\out-tsc\src\polyfills.js
D:\Git\AspNetCore_MicroBlog\MicroBlog\AngularApp\dist\out-tsc\src\polyfills.js.map
D:\Git\AspNetCore_MicroBlog\MicroBlog\AngularApp\dist\out-tsc\src\test.js
D:\Git\AspNetCore_MicroBlog\MicroBlog\AngularApp\dist\out-tsc\src\test.js.map
D:\Git\AspNetCore_MicroBlog\MicroBlog\AngularApp\dist\out-tsc\src\app\app.component.spec.js
D:\Git\AspNetCore_MicroBlog\MicroBlog\AngularApp\dist\out-tsc\src\app\app.component.spec.js.map
D:\Git\AspNetCore_MicroBlog\MicroBlog\AngularApp\dist\out-tsc\src\app\blog-post\blog-post.component.spec.js
D:\Git\AspNetCore_MicroBlog\MicroBlog\AngularApp\dist\out-tsc\src\app\blog-post\blog-post.component.spec.js.map
D:\Git\AspNetCore_MicroBlog\MicroBlog\AngularApp\dist\out-tsc\src\app\blog-post-add-edit\blog-post-add-edit.component.spec.js
D:\Git\AspNetCore_MicroBlog\MicroBlog\AngularApp\dist\out-tsc\src\app\blog-post-add-edit\blog-post-add-edit.component.spec.js.map
D:\Git\AspNetCore_MicroBlog\MicroBlog\AngularApp\dist\out-tsc\src\app\blog-posts\blog-posts.component.spec.js
D:\Git\AspNetCore_MicroBlog\MicroBlog\AngularApp\dist\out-tsc\src\app\blog-posts\blog-posts.component.spec.js.map
D:\Git\AspNetCore_MicroBlog\MicroBlog\AngularApp\dist\out-tsc\src\app\services\blog-post.service.spec.js
D:\Git\AspNetCore_MicroBlog\MicroBlog\AngularApp\dist\out-tsc\src\app\services\blog-post.service.spec.js.map
D:\Git\AspNetCore_MicroBlog\MicroBlog\AngularApp\dist\out-tsc\src\environments\environment.prod.js
D:\Git\AspNetCore_MicroBlog\MicroBlog\AngularApp\dist\out-tsc\src\environments\environment.prod.js.map
